  functions.c
  main.c
F:\Semestr II\Podstawy programowania 2\Projekt\Github\Kod\main.c(94,38): warning C4047: "funkcja": "char **" różni się w poziomach operatorów pośrednich od "char [100]"
F:\Semestr II\Podstawy programowania 2\Projekt\Github\Kod\main.c(94,34): warning C4024: "create_directory": różne typy dla formalnego i rzeczywistego parametru 1
F:\Semestr II\Podstawy programowania 2\Projekt\Github\Kod\main.c(94,44): warning C4047: "funkcja": "char **" różni się w poziomach operatorów pośrednich od "char [100]"
F:\Semestr II\Podstawy programowania 2\Projekt\Github\Kod\main.c(94,40): warning C4024: "create_directory": różne typy dla formalnego i rzeczywistego parametru 2
F:\Semestr II\Podstawy programowania 2\Projekt\Github\Kod\main.c(107,38): warning C4047: "funkcja": "char **" różni się w poziomach operatorów pośrednich od "char [100]"
F:\Semestr II\Podstawy programowania 2\Projekt\Github\Kod\main.c(107,34): warning C4024: "remove_directory": różne typy dla formalnego i rzeczywistego parametru 1
F:\Semestr II\Podstawy programowania 2\Projekt\Github\Kod\main.c(107,44): warning C4047: "funkcja": "char **" różni się w poziomach operatorów pośrednich od "char [100]"
F:\Semestr II\Podstawy programowania 2\Projekt\Github\Kod\main.c(107,40): warning C4024: "remove_directory": różne typy dla formalnego i rzeczywistego parametru 2
F:\Semestr II\Podstawy programowania 2\Projekt\Github\Kod\main.c(125,38): warning C4047: "funkcja": "char **" różni się w poziomach operatorów pośrednich od "char [100]"
F:\Semestr II\Podstawy programowania 2\Projekt\Github\Kod\main.c(125,34): warning C4024: "create_text_file": różne typy dla formalnego i rzeczywistego parametru 1
F:\Semestr II\Podstawy programowania 2\Projekt\Github\Kod\main.c(125,44): warning C4047: "funkcja": "char **" różni się w poziomach operatorów pośrednich od "char [100]"
F:\Semestr II\Podstawy programowania 2\Projekt\Github\Kod\main.c(125,40): warning C4024: "create_text_file": różne typy dla formalnego i rzeczywistego parametru 2
F:\Semestr II\Podstawy programowania 2\Projekt\Github\Kod\main.c(125,50): warning C4047: "funkcja": "char **" różni się w poziomach operatorów pośrednich od "char [1000]"
F:\Semestr II\Podstawy programowania 2\Projekt\Github\Kod\main.c(125,46): warning C4024: "create_text_file": różne typy dla formalnego i rzeczywistego parametru 3
F:\Semestr II\Podstawy programowania 2\Projekt\Github\Kod\main.c(138,38): warning C4047: "funkcja": "char **" różni się w poziomach operatorów pośrednich od "char [100]"
F:\Semestr II\Podstawy programowania 2\Projekt\Github\Kod\main.c(138,34): warning C4024: "remove_text_file": różne typy dla formalnego i rzeczywistego parametru 1
F:\Semestr II\Podstawy programowania 2\Projekt\Github\Kod\main.c(138,44): warning C4047: "funkcja": "char **" różni się w poziomach operatorów pośrednich od "char [100]"
F:\Semestr II\Podstawy programowania 2\Projekt\Github\Kod\main.c(138,40): warning C4024: "remove_text_file": różne typy dla formalnego i rzeczywistego parametru 2
F:\Semestr II\Podstawy programowania 2\Projekt\Github\Kod\main.c(154,33): warning C4047: "funkcja": "char **" różni się w poziomach operatorów pośrednich od "char [100]"
F:\Semestr II\Podstawy programowania 2\Projekt\Github\Kod\main.c(154,29): warning C4024: "rename_file": różne typy dla formalnego i rzeczywistego parametru 1
F:\Semestr II\Podstawy programowania 2\Projekt\Github\Kod\main.c(154,43): warning C4047: "funkcja": "char **" różni się w poziomach operatorów pośrednich od "char [100]"
F:\Semestr II\Podstawy programowania 2\Projekt\Github\Kod\main.c(154,35): warning C4024: "rename_file": różne typy dla formalnego i rzeczywistego parametru 2
F:\Semestr II\Podstawy programowania 2\Projekt\Github\Kod\main.c(154,53): warning C4047: "funkcja": "char **" różni się w poziomach operatorów pośrednich od "char [100]"
F:\Semestr II\Podstawy programowania 2\Projekt\Github\Kod\main.c(154,45): warning C4024: "rename_file": różne typy dla formalnego i rzeczywistego parametru 3
F:\Semestr II\Podstawy programowania 2\Projekt\Github\Kod\main.c(167,26): warning C4047: "funkcja": "char **" różni się w poziomach operatorów pośrednich od "char [100]"
F:\Semestr II\Podstawy programowania 2\Projekt\Github\Kod\main.c(167,22): warning C4024: "copy": różne typy dla formalnego i rzeczywistego parametru 1
F:\Semestr II\Podstawy programowania 2\Projekt\Github\Kod\main.c(167,35): warning C4047: "funkcja": "char **" różni się w poziomach operatorów pośrednich od "char [100]"
F:\Semestr II\Podstawy programowania 2\Projekt\Github\Kod\main.c(167,28): warning C4024: "copy": różne typy dla formalnego i rzeczywistego parametru 2
F:\Semestr II\Podstawy programowania 2\Projekt\Github\Kod\main.c(178,38): warning C4047: "funkcja": "char **" różni się w poziomach operatorów pośrednich od "char [100]"
F:\Semestr II\Podstawy programowania 2\Projekt\Github\Kod\main.c(178,34): warning C4024: "file_information": różne typy dla formalnego i rzeczywistego parametru 1
F:\Semestr II\Podstawy programowania 2\Projekt\Github\Kod\main.c(189,43): warning C4047: "funkcja": "char **" różni się w poziomach operatorów pośrednich od "char [100]"
F:\Semestr II\Podstawy programowania 2\Projekt\Github\Kod\main.c(189,39): warning C4024: "directory_information": różne typy dla formalnego i rzeczywistego parametru 1
F:\Semestr II\Podstawy programowania 2\Projekt\Github\Kod\main.c(202,28): warning C4047: "funkcja": "char **" różni się w poziomach operatorów pośrednich od "char [100]"
F:\Semestr II\Podstawy programowania 2\Projekt\Github\Kod\main.c(202,24): warning C4024: "search": różne typy dla formalnego i rzeczywistego parametru 1
F:\Semestr II\Podstawy programowania 2\Projekt\Github\Kod\main.c(202,34): warning C4047: "funkcja": "char **" różni się w poziomach operatorów pośrednich od "char [100]"
F:\Semestr II\Podstawy programowania 2\Projekt\Github\Kod\main.c(202,30): warning C4024: "search": różne typy dla formalnego i rzeczywistego parametru 2
F:\Semestr II\Podstawy programowania 2\Projekt\Github\Kod\main.c(211,37): warning C4047: "funkcja": "char **" różni się w poziomach operatorów pośrednich od "char [100]"
F:\Semestr II\Podstawy programowania 2\Projekt\Github\Kod\main.c(211,33): warning C4024: "show_attributes": różne typy dla formalnego i rzeczywistego parametru 1
F:\Semestr II\Podstawy programowania 2\Projekt\Github\Kod\main.c(222,39): warning C4047: "funkcja": "char **" różni się w poziomach operatorów pośrednich od "char [100]"
F:\Semestr II\Podstawy programowania 2\Projekt\Github\Kod\main.c(222,35): warning C4024: "change_attributes": różne typy dla formalnego i rzeczywistego parametru 1
F:\Semestr II\Podstawy programowania 2\Projekt\Github\Kod\main.c(222,51): warning C4047: "funkcja": "char **" różni się w poziomach operatorów pośrednich od "char [20]"
F:\Semestr II\Podstawy programowania 2\Projekt\Github\Kod\main.c(222,41): warning C4024: "change_attributes": różne typy dla formalnego i rzeczywistego parametru 2
F:\Semestr II\Podstawy programowania 2\Projekt\Github\Kod\main.c(224,37): warning C4047: "funkcja": "char **" różni się w poziomach operatorów pośrednich od "char [100]"
F:\Semestr II\Podstawy programowania 2\Projekt\Github\Kod\main.c(224,33): warning C4024: "show_attributes": różne typy dla formalnego i rzeczywistego parametru 1
F:\Semestr II\Podstawy programowania 2\Projekt\Github\Kod\main.c(240,26): warning C4047: "funkcja": "char **" różni się w poziomach operatorów pośrednich od "char [100]"
F:\Semestr II\Podstawy programowania 2\Projekt\Github\Kod\main.c(240,22): warning C4024: "move": różne typy dla formalnego i rzeczywistego parametru 1
F:\Semestr II\Podstawy programowania 2\Projekt\Github\Kod\main.c(240,35): warning C4047: "funkcja": "char **" różni się w poziomach operatorów pośrednich od "char [100]"
F:\Semestr II\Podstawy programowania 2\Projekt\Github\Kod\main.c(240,28): warning C4024: "move": różne typy dla formalnego i rzeczywistego parametru 2
  Generowanie kodu...
  Projekt PP2.vcxproj -> F:\Semestr II\Podstawy programowania 2\Projekt\Github\Kod\x64\Debug\Projekt PP2.exe
